<?xml version="1.0" encoding="UTF-8"?>
<testng-results ignored="0" total="2" passed="2" failed="0" skipped="0">
  <reporter-output>
  </reporter-output>
  <suite started-at="2022-10-02T18:51:44 IST" name="Command line suite" finished-at="2022-10-02T18:52:20 IST" duration-ms="36244">
    <groups>
    </groups>
    <test started-at="2022-10-02T18:51:44 IST" name="Command line test" finished-at="2022-10-02T18:52:20 IST" duration-ms="36244">
      <class name="pushpa.TestPushpaTest">
        <test-method signature="imddaterealse()[pri:0, instance:pushpa.TestPushpaTest@5aebe890]" started-at="2022-10-02T18:51:44 IST" name="imddaterealse" finished-at="2022-10-02T18:52:08 IST" duration-ms="23788" status="PASS">
          <reporter-output>
          </reporter-output>
        </test-method> <!-- imddaterealse -->
        <test-method signature="wikidaterealse()[pri:0, instance:pushpa.TestPushpaTest@5aebe890]" started-at="2022-10-02T18:52:08 IST" name="wikidaterealse" finished-at="2022-10-02T18:52:20 IST" duration-ms="12365" status="PASS">
          <reporter-output>
          </reporter-output>
        </test-method> <!-- wikidaterealse -->
      </class> <!-- pushpa.TestPushpaTest -->
    </test> <!-- Command line test -->
  </suite> <!-- Command line suite -->
</testng-results>
