<?xml version="1.0" encoding="UTF-8"?>
<testng-results ignored="0" total="2" passed="2" failed="0" skipped="0">
  <reporter-output>
    <line>
      <![CDATA[TC is Passed]]>
    </line>
  </reporter-output>
  <suite started-at="2022-10-02T19:04:05 IST" name="Default suite" finished-at="2022-10-02T19:04:43 IST" duration-ms="37311">
    <groups>
    </groups>
    <test started-at="2022-10-02T19:04:05 IST" name="Default test" finished-at="2022-10-02T19:04:43 IST" duration-ms="37311">
      <class name="pushpa.TestPushpaTest">
        <test-method signature="imddaterealse()[pri:0, instance:pushpa.TestPushpaTest@3646a422]" started-at="2022-10-02T19:04:05 IST" name="imddaterealse" finished-at="2022-10-02T19:04:30 IST" duration-ms="24735" status="PASS">
          <reporter-output>
          </reporter-output>
        </test-method> <!-- imddaterealse -->
        <test-method signature="wikidaterealse()[pri:0, instance:pushpa.TestPushpaTest@3646a422]" started-at="2022-10-02T19:04:30 IST" name="wikidaterealse" finished-at="2022-10-02T19:04:43 IST" duration-ms="12485" status="PASS">
          <reporter-output>
            <line>
              <![CDATA[TC is Passed]]>
            </line>
          </reporter-output>
        </test-method> <!-- wikidaterealse -->
      </class> <!-- pushpa.TestPushpaTest -->
    </test> <!-- Default test -->
  </suite> <!-- Default suite -->
</testng-results>
